Initializing document watcher...
Rebuilding config map...
/usr/share/code/resources/app/out/vs/workbench/parts/welcome/page/electron-browser/vs_code_welcome_page.txt: Using EditorConfig core...
Detected change in configuration: {}
No more open editors.
tourOfHeroes/src/app/app.module.ts: Using EditorConfig core...
tourOfHeroes/src/app/app.module.ts: {"insertSpaces":true,"tabSize":2}
src/app/app.module.ts: editor.action.trimTrailingWhitespace
tourOfHeroes/src/app/app.component.ts: Using EditorConfig core...
tourOfHeroes/src/app/app.component.ts: {"insertSpaces":true,"tabSize":2}
tourOfHeroes/src/app/app.component.html: Using EditorConfig core...
tourOfHeroes/src/app/app.component.html: {"insertSpaces":true,"tabSize":2}
tourOfHeroes/src/app/components/message/message.component.ts: Using EditorConfig core...
tourOfHeroes/src/app/components/message/message.component.ts: {"insertSpaces":true,"tabSize":2}
tourOfHeroes/src/app/app.component.ts: Applying configuration map...
tourOfHeroes/src/app/app.component.ts: {"insertSpaces":true,"tabSize":2}
tourOfHeroes/src/app/app.component.html: Applying configuration map...
tourOfHeroes/src/app/app.component.html: {"insertSpaces":true,"tabSize":2}
src/app/app.component.html: editor.action.trimTrailingWhitespace
tourOfHeroes/src/app/message.service.ts: Using EditorConfig core...
tourOfHeroes/src/app/message.service.ts: {"insertSpaces":true,"tabSize":2}
tourOfHeroes/src/app/services/message.service.ts: Using EditorConfig core...
tourOfHeroes/src/app/services/message.service.ts: {"insertSpaces":true,"tabSize":2}
tourOfHeroes/src/app/app.module.ts: Applying configuration map...
tourOfHeroes/src/app/app.module.ts: {"insertSpaces":true,"tabSize":2}
src/app/app.module.ts: editor.action.trimTrailingWhitespace
tourOfHeroes/src/app/services/message.service.ts: Applying configuration map...
tourOfHeroes/src/app/services/message.service.ts: {"insertSpaces":true,"tabSize":2}
src/app/services/message.service.ts: editor.action.trimTrailingWhitespace
tourOfHeroes/src/app/services/hero.service.ts: Using EditorConfig core...
tourOfHeroes/src/app/services/hero.service.ts: {"insertSpaces":true,"tabSize":2}
src/app/services/hero.service.ts: editor.action.trimTrailingWhitespace
src/app/services/hero.service.ts: editor.action.trimTrailingWhitespace
tourOfHeroes/src/app/components/message/message.component.html: Using EditorConfig core...
tourOfHeroes/src/app/components/message/message.component.html: {"insertSpaces":true,"tabSize":2}
tourOfHeroes/src/app/components/message/message.component.ts: Applying configuration map...
tourOfHeroes/src/app/components/message/message.component.ts: {"insertSpaces":true,"tabSize":2}
src/app/components/message/message.component.ts: editor.action.trimTrailingWhitespace
src/app/components/message/message.component.ts: editor.action.trimTrailingWhitespace
src/app/components/message/message.component.ts: editor.action.trimTrailingWhitespace
tourOfHeroes/src/app/components/message/message.component.html: Applying configuration map...
tourOfHeroes/src/app/components/message/message.component.html: {"insertSpaces":true,"tabSize":2}
src/app/components/message/message.component.html: editor.action.trimTrailingWhitespace
src/app/components/message/message.component.html: editor.action.trimTrailingWhitespace
src/app/components/message/message.component.html: editor.action.trimTrailingWhitespace
src/app/components/message/message.component.html: editor.action.trimTrailingWhitespace
tourOfHeroes/src/app/components/message/message.component.css: Using EditorConfig core...
tourOfHeroes/src/app/components/message/message.component.css: {"insertSpaces":true,"tabSize":2}
src/app/components/message/message.component.css: editor.action.trimTrailingWhitespace
src/app/components/message/message.component.css: insertFinalNewline(LF)
tourOfHeroes/src/app/app-routing.module.ts: Using EditorConfig core...
tourOfHeroes/src/app/app-routing.module.ts: {"insertSpaces":true,"tabSize":2}
tourOfHeroes/src/app/app.module.ts: Applying configuration map...
tourOfHeroes/src/app/app.module.ts: {"insertSpaces":true,"tabSize":2}
tourOfHeroes/src/app/app-routing.module.ts: Applying configuration map...
tourOfHeroes/src/app/app-routing.module.ts: {"insertSpaces":true,"tabSize":2}
src/app/app-routing.module.ts: editor.action.trimTrailingWhitespace
src/app/app-routing.module.ts: editor.action.trimTrailingWhitespace
src/app/app-routing.module.ts: editor.action.trimTrailingWhitespace
src/app/app-routing.module.ts: editor.action.trimTrailingWhitespace
src/app/app-routing.module.ts: editor.action.trimTrailingWhitespace
src/app/app-routing.module.ts: editor.action.trimTrailingWhitespace
src/app/app-routing.module.ts: editor.action.trimTrailingWhitespace
tourOfHeroes/src/app/app.component.ts: Applying configuration map...
tourOfHeroes/src/app/app.component.ts: {"insertSpaces":true,"tabSize":2}
tourOfHeroes/src/app/app.component.css: Using EditorConfig core...
tourOfHeroes/src/app/app.component.css: {"insertSpaces":true,"tabSize":2}
tourOfHeroes/src/app/app.component.html: Applying configuration map...
tourOfHeroes/src/app/app.component.html: {"insertSpaces":true,"tabSize":2}
src/app/app.component.html: editor.action.trimTrailingWhitespace
src/app/app.component.html: editor.action.trimTrailingWhitespace
tourOfHeroes/src/app/app.module.ts: Applying configuration map...
tourOfHeroes/src/app/app.module.ts: {"insertSpaces":true,"tabSize":2}
tourOfHeroes/src/app/app.component.ts: Applying configuration map...
tourOfHeroes/src/app/app.component.ts: {"insertSpaces":true,"tabSize":2}
tourOfHeroes/src/app/app.module.ts: Applying configuration map...
tourOfHeroes/src/app/app.module.ts: {"insertSpaces":true,"tabSize":2}
src/app/app.module.ts: editor.action.trimTrailingWhitespace
src/app/app.module.ts: editor.action.trimTrailingWhitespace
src/app/app.module.ts: editor.action.trimTrailingWhitespace
tourOfHeroes/src/app/components/dashboard/dashboard.component.html: Using EditorConfig core...
tourOfHeroes/src/app/components/dashboard/dashboard.component.html: {"insertSpaces":true,"tabSize":2}
tourOfHeroes/src/app/components/dashboard/dashboard.component.css: Using EditorConfig core...
tourOfHeroes/src/app/components/dashboard/dashboard.component.css: {"insertSpaces":true,"tabSize":2}
tourOfHeroes/src/app/components/dashboard/dashboard.component.ts: Using EditorConfig core...
tourOfHeroes/src/app/components/dashboard/dashboard.component.ts: {"insertSpaces":true,"tabSize":2}
src/app/components/dashboard/dashboard.component.ts: editor.action.trimTrailingWhitespace
src/app/components/dashboard/dashboard.component.ts: insertFinalNewline(LF)
tourOfHeroes/src/app/components/dashboard/dashboard.component.css: Applying configuration map...
tourOfHeroes/src/app/components/dashboard/dashboard.component.css: {"insertSpaces":true,"tabSize":2}
src/app/components/dashboard/dashboard.component.css: editor.action.trimTrailingWhitespace
src/app/components/dashboard/dashboard.component.css: insertFinalNewline(LF)
tourOfHeroes/src/app/components/dashboard/dashboard.component.ts: Applying configuration map...
tourOfHeroes/src/app/components/dashboard/dashboard.component.ts: {"insertSpaces":true,"tabSize":2}
tourOfHeroes/src/app/components/dashboard/dashboard.component.css: Applying configuration map...
tourOfHeroes/src/app/components/dashboard/dashboard.component.css: {"insertSpaces":true,"tabSize":2}
tourOfHeroes/src/app/components/dashboard/dashboard.component.html: Applying configuration map...
tourOfHeroes/src/app/components/dashboard/dashboard.component.html: {"insertSpaces":true,"tabSize":2}
tourOfHeroes/src/app/app-routing.module.ts: Applying configuration map...
tourOfHeroes/src/app/app-routing.module.ts: {"insertSpaces":true,"tabSize":2}
src/app/app-routing.module.ts: editor.action.trimTrailingWhitespace
src/app/app-routing.module.ts: editor.action.trimTrailingWhitespace
src/app/components/dashboard/dashboard.component.html: trimTrailingWhitespace()
tourOfHeroes/src/app/app.component.ts: Applying configuration map...
tourOfHeroes/src/app/app.component.ts: {"insertSpaces":true,"tabSize":2}
tourOfHeroes/src/app/app.component.html: Applying configuration map...
tourOfHeroes/src/app/app.component.html: {"insertSpaces":true,"tabSize":2}
src/app/app.component.html: editor.action.trimTrailingWhitespace
src/app/app.component.html: editor.action.trimTrailingWhitespace
tourOfHeroes/src/app/components/hero/hero.component.ts: Using EditorConfig core...
tourOfHeroes/src/app/components/hero/hero.component.ts: {"insertSpaces":true,"tabSize":2}
tourOfHeroes/src/app/components/hero/hero.component.html: Using EditorConfig core...
tourOfHeroes/src/app/components/hero/hero.component.html: {"insertSpaces":true,"tabSize":2}
src/app/components/hero/hero.component.html: editor.action.trimTrailingWhitespace
tourOfHeroes/src/app/app-routing.module.ts: Applying configuration map...
tourOfHeroes/src/app/app-routing.module.ts: {"insertSpaces":true,"tabSize":2}
src/app/app-routing.module.ts: editor.action.trimTrailingWhitespace
src/app/app-routing.module.ts: editor.action.trimTrailingWhitespace
src/app/app-routing.module.ts: editor.action.trimTrailingWhitespace
tourOfHeroes/src/app/components/dashboard/dashboard.component.html: Applying configuration map...
tourOfHeroes/src/app/components/dashboard/dashboard.component.html: {"insertSpaces":true,"tabSize":2}
src/app/components/dashboard/dashboard.component.html: editor.action.trimTrailingWhitespace
tourOfHeroes/src/app/components/hero/hero.component.html: Applying configuration map...
tourOfHeroes/src/app/components/hero/hero.component.html: {"insertSpaces":true,"tabSize":2}
src/app/components/hero/hero.component.html: editor.action.trimTrailingWhitespace
src/app/components/dashboard/dashboard.component.html: trimTrailingWhitespace()
tourOfHeroes/src/app/components/hero/hero.component.ts: Applying configuration map...
tourOfHeroes/src/app/components/hero/hero.component.ts: {"insertSpaces":true,"tabSize":2}
src/app/components/hero/hero.component.ts: editor.action.trimTrailingWhitespace
src/app/components/hero/hero.component.ts: editor.action.trimTrailingWhitespace
tourOfHeroes/src/app/components/hero/hero.component.html: Applying configuration map...
tourOfHeroes/src/app/components/hero/hero.component.html: {"insertSpaces":true,"tabSize":2}
src/app/components/hero/hero.component.html: editor.action.trimTrailingWhitespace
tourOfHeroes/src/app/components/hero-detail/hero-detail.component.ts: Using EditorConfig core...
tourOfHeroes/src/app/components/hero-detail/hero-detail.component.ts: {"insertSpaces":true,"tabSize":2}
src/app/components/hero-detail/hero-detail.component.ts: editor.action.trimTrailingWhitespace
src/app/components/hero-detail/hero-detail.component.ts: editor.action.trimTrailingWhitespace
src/app/components/hero-detail/hero-detail.component.ts: editor.action.trimTrailingWhitespace
src/app/components/hero-detail/hero-detail.component.ts: editor.action.trimTrailingWhitespace
tourOfHeroes/src/app/services/hero.service.ts: Applying configuration map...
tourOfHeroes/src/app/services/hero.service.ts: {"insertSpaces":true,"tabSize":2}
src/app/services/hero.service.ts: editor.action.trimTrailingWhitespace
tourOfHeroes/src/app/components/hero-detail/hero-detail.component.html: Using EditorConfig core...
tourOfHeroes/src/app/components/hero-detail/hero-detail.component.html: {"insertSpaces":true,"tabSize":2}
src/app/components/hero-detail/hero-detail.component.html: editor.action.trimTrailingWhitespace
src/app/components/hero-detail/hero-detail.component.html: insertFinalNewline(LF)
tourOfHeroes/src/app/components/hero-detail/hero-detail.component.ts: Applying configuration map...
tourOfHeroes/src/app/components/hero-detail/hero-detail.component.ts: {"insertSpaces":true,"tabSize":2}
src/app/components/hero-detail/hero-detail.component.ts: editor.action.trimTrailingWhitespace
tourOfHeroes/src/app/components/dashboard/dashboard.component.css: Applying configuration map...
tourOfHeroes/src/app/components/dashboard/dashboard.component.css: {"insertSpaces":true,"tabSize":2}
tourOfHeroes/src/app/components/hero/hero.component.css: Using EditorConfig core...
tourOfHeroes/src/app/components/hero/hero.component.css: {"insertSpaces":true,"tabSize":2}
tourOfHeroes/src/app/components/hero-detail/hero-detail.component.css: Using EditorConfig core...
tourOfHeroes/src/app/components/hero-detail/hero-detail.component.css: {"insertSpaces":true,"tabSize":2}
tourOfHeroes/src/app/app.component.css: Applying configuration map...
tourOfHeroes/src/app/app.component.css: {"insertSpaces":true,"tabSize":2}
src/app/app.component.css: editor.action.trimTrailingWhitespace
src/app/app.component.css: insertFinalNewline(LF)
tourOfHeroes/src/app/components/dashboard/dashboard.component.css: Applying configuration map...
tourOfHeroes/src/app/components/dashboard/dashboard.component.css: {"insertSpaces":true,"tabSize":2}
src/app/components/dashboard/dashboard.component.css: editor.action.trimTrailingWhitespace
src/app/components/dashboard/dashboard.component.css: insertFinalNewline(LF)
tourOfHeroes/src/app/components/hero/hero.component.css: Applying configuration map...
tourOfHeroes/src/app/components/hero/hero.component.css: {"insertSpaces":true,"tabSize":2}
src/app/components/hero/hero.component.css: editor.action.trimTrailingWhitespace
src/app/components/hero/hero.component.css: insertFinalNewline(LF)
