[2018-02-20 20:19:14.780] [exthost1] [info] extension host started
[2018-02-20 20:19:14.810] [exthost1] [info] ExtensionService#_doActivateExtension vscode.emmet {"startup":true,"activationEvent":"*"}
[2018-02-20 20:19:14.810] [exthost1] [info] ExtensionService#loadCommonJSModule /usr/share/code/resources/app/extensions/emmet/out/extension
[2018-02-20 20:19:14.873] [exthost1] [info] ExtensionService#_doActivateExtension vscode.git {"startup":true,"activationEvent":"*"}
[2018-02-20 20:19:14.873] [exthost1] [info] ExtensionService#loadCommonJSModule /usr/share/code/resources/app/extensions/git/out/main
[2018-02-20 20:19:14.937] [exthost1] [info] ExtensionService#_doActivateExtension vscode.merge-conflict {"startup":true,"activationEvent":"*"}
[2018-02-20 20:19:14.937] [exthost1] [info] ExtensionService#loadCommonJSModule /usr/share/code/resources/app/extensions/merge-conflict/out/extension
[2018-02-20 20:19:14.949] [exthost1] [info] ExtensionService#_doActivateExtension EditorConfig.EditorConfig {"startup":true,"activationEvent":"*"}
[2018-02-20 20:19:14.949] [exthost1] [info] ExtensionService#loadCommonJSModule /root/.vscode/extensions/EditorConfig.editorconfig-0.12.1/out/src/editorConfigMain
[2018-02-20 20:19:14.975] [exthost1] [info] ExtensionService#_doActivateExtension infinity1207.angular2-switcher {"startup":true,"activationEvent":"*"}
[2018-02-20 20:19:14.975] [exthost1] [info] ExtensionService#loadCommonJSModule /root/.vscode/extensions/infinity1207.angular2-switcher-0.1.6/out/src/extension
[2018-02-20 20:19:14.977] [exthost1] [info] eager extensions activated
[2018-02-20 20:19:36.165] [exthost1] [info] extension host started
[2018-02-20 20:19:36.199] [exthost1] [info] ExtensionService#_doActivateExtension vscode.emmet {"startup":true,"activationEvent":"*"}
[2018-02-20 20:19:36.200] [exthost1] [info] ExtensionService#loadCommonJSModule /usr/share/code/resources/app/extensions/emmet/out/extension
[2018-02-20 20:19:36.271] [exthost1] [info] ExtensionService#_doActivateExtension vscode.git {"startup":true,"activationEvent":"*"}
[2018-02-20 20:19:36.271] [exthost1] [info] ExtensionService#loadCommonJSModule /usr/share/code/resources/app/extensions/git/out/main
[2018-02-20 20:19:36.329] [exthost1] [info] ExtensionService#_doActivateExtension vscode.merge-conflict {"startup":true,"activationEvent":"*"}
[2018-02-20 20:19:36.329] [exthost1] [info] ExtensionService#loadCommonJSModule /usr/share/code/resources/app/extensions/merge-conflict/out/extension
[2018-02-20 20:19:36.340] [exthost1] [info] ExtensionService#_doActivateExtension EditorConfig.EditorConfig {"startup":true,"activationEvent":"*"}
[2018-02-20 20:19:36.340] [exthost1] [info] ExtensionService#loadCommonJSModule /root/.vscode/extensions/EditorConfig.editorconfig-0.12.1/out/src/editorConfigMain
[2018-02-20 20:19:36.362] [exthost1] [info] ExtensionService#_doActivateExtension infinity1207.angular2-switcher {"startup":true,"activationEvent":"*"}
[2018-02-20 20:19:36.362] [exthost1] [info] ExtensionService#loadCommonJSModule /root/.vscode/extensions/infinity1207.angular2-switcher-0.1.6/out/src/extension
[2018-02-20 20:19:36.365] [exthost1] [info] eager extensions activated
[2018-02-20 20:19:57.317] [exthost1] [info] ExtensionService#_doActivateExtension vscode.extension-editing {"startup":false,"activationEvent":"onLanguage:typescript"}
[2018-02-20 20:19:57.317] [exthost1] [info] ExtensionService#loadCommonJSModule /usr/share/code/resources/app/extensions/extension-editing/out/extension
[2018-02-20 20:19:57.337] [exthost1] [info] ExtensionService#_doActivateExtension vscode.typescript {"startup":false,"activationEvent":"onLanguage:typescript"}
[2018-02-20 20:19:57.337] [exthost1] [info] ExtensionService#loadCommonJSModule /usr/share/code/resources/app/extensions/typescript/out/extension
[2018-02-20 20:19:57.430] [exthost1] [info] ExtensionService#_doActivateExtension eg2.tslint {"startup":false,"activationEvent":"onLanguage:typescript"}
[2018-02-20 20:19:57.430] [exthost1] [info] ExtensionService#loadCommonJSModule /root/.vscode/extensions/eg2.tslint-1.0.28/out/extension
[2018-02-20 20:20:00.153] [exthost1] [info] ExtensionService#_doActivateExtension vscode.configuration-editing {"startup":false,"activationEvent":"onLanguage:jsonc"}
[2018-02-20 20:20:00.153] [exthost1] [info] ExtensionService#loadCommonJSModule /usr/share/code/resources/app/extensions/configuration-editing/out/extension
[2018-02-20 20:20:00.167] [exthost1] [info] ExtensionService#_doActivateExtension vscode.json {"startup":false,"activationEvent":"onLanguage:jsonc"}
[2018-02-20 20:20:00.167] [exthost1] [info] ExtensionService#loadCommonJSModule /usr/share/code/resources/app/extensions/json/client/out/jsonMain
[2018-02-20 20:20:39.539] [exthost1] [info] ExtensionService#_doActivateExtension vscode.html {"startup":false,"activationEvent":"onLanguage:html"}
[2018-02-20 20:20:39.539] [exthost1] [info] ExtensionService#loadCommonJSModule /usr/share/code/resources/app/extensions/html/client/out/htmlMain
[2018-02-20 20:37:21.856] [exthost1] [info] ExtensionService#_doActivateExtension vscode.css {"startup":false,"activationEvent":"onLanguage:css"}
[2018-02-20 20:37:21.856] [exthost1] [info] ExtensionService#loadCommonJSModule /usr/share/code/resources/app/extensions/css/client/out/cssMain
[2018-02-20 20:43:08.112] [exthost1] [info] ExtensionService#_doActivateExtension vscode.javascript {"startup":false,"activationEvent":"onLanguage:javascript"}
[2018-02-20 20:43:08.112] [exthost1] [info] ExtensionService#loadCommonJSModule /usr/share/code/resources/app/extensions/javascript/out/javascriptMain
